<?xml version="1.0" encoding="UTF-8"?>
<!-- Generated by org.testng.reporters.JUnitReportReporter -->
<testsuite skipped="0" hostname="SAHIL-PC" name="practice.SampleTest" tests="1" failures="0" timestamp="2023-03-21T13:34:14 IST" time="0.108" errors="0">
  <testcase name="Demo" time="0.108" classname="practice.SampleTest"/>
  <system-out/>
</testsuite> <!-- practice.SampleTest -->
